2018-08-24 15:01:42,549 [background-preinit] [DEBUG] org.jboss.logging - Logging Provider: org.jboss.logging.Slf4jLoggerProvider found via system property
2018-08-24 15:01:42,570 [background-preinit] [DEBUG] org.hibernate.validator.internal.engine.resolver.DefaultTraversableResolver - Cannot find javax.persistence.Persistence on classpath. Assuming non JPA 2 environment. All properties will per default be traversable.
2018-08-24 15:01:54,315 [main] [DEBUG] com.ora.blockchain.service.block.IBlockTest - Running with Spring Boot v1.5.8.RELEASE, Spring v4.3.12.RELEASE
2018-08-24 15:01:57,963 [main] [DEBUG] org.mybatis.spring.mapper.ClassPathMapperScanner - Identified candidate component class: file [/data/blockchain/work/byd-schedule-service/target/classes/com/ora/blockchain/mybatis/mapper/block/BlockMapper.class]
2018-08-24 15:01:58,458 [main] [DEBUG] org.mybatis.spring.mapper.ClassPathMapperScanner - Identified candidate component class: file [/data/blockchain/work/byd-schedule-service/target/classes/com/ora/blockchain/mybatis/mapper/block/EthereumBlockMapper.class]
2018-08-24 15:01:58,458 [main] [DEBUG] org.mybatis.spring.mapper.ClassPathMapperScanner - Identified candidate component class: file [/data/blockchain/work/byd-schedule-service/target/classes/com/ora/blockchain/mybatis/mapper/common/ScanCursorMapper.class]
2018-08-24 15:01:58,458 [main] [DEBUG] org.mybatis.spring.mapper.ClassPathMapperScanner - Identified candidate component class: file [/data/blockchain/work/byd-schedule-service/target/classes/com/ora/blockchain/mybatis/mapper/input/InputMapper.class]
2018-08-24 15:01:58,459 [main] [DEBUG] org.mybatis.spring.mapper.ClassPathMapperScanner - Identified candidate component class: file [/data/blockchain/work/byd-schedule-service/target/classes/com/ora/blockchain/mybatis/mapper/output/OutputMapper.class]
2018-08-24 15:01:58,459 [main] [DEBUG] org.mybatis.spring.mapper.ClassPathMapperScanner - Identified candidate component class: file [/data/blockchain/work/byd-schedule-service/target/classes/com/ora/blockchain/mybatis/mapper/transaction/EthereumERC20Mapper.class]
2018-08-24 15:01:58,459 [main] [DEBUG] org.mybatis.spring.mapper.ClassPathMapperScanner - Identified candidate component class: file [/data/blockchain/work/byd-schedule-service/target/classes/com/ora/blockchain/mybatis/mapper/transaction/EthereumTransactionMapper.class]
2018-08-24 15:01:58,459 [main] [DEBUG] org.mybatis.spring.mapper.ClassPathMapperScanner - Identified candidate component class: file [/data/blockchain/work/byd-schedule-service/target/classes/com/ora/blockchain/mybatis/mapper/transaction/TransactionMapper.class]
2018-08-24 15:01:58,459 [main] [DEBUG] org.mybatis.spring.mapper.ClassPathMapperScanner - Identified candidate component class: file [/data/blockchain/work/byd-schedule-service/target/classes/com/ora/blockchain/mybatis/mapper/wallet/WalletAccountBalanceMapper.class]
2018-08-24 15:01:58,459 [main] [DEBUG] org.mybatis.spring.mapper.ClassPathMapperScanner - Identified candidate component class: file [/data/blockchain/work/byd-schedule-service/target/classes/com/ora/blockchain/mybatis/mapper/wallet/WalletAccountBindMapper.class]
2018-08-24 15:01:58,459 [main] [DEBUG] org.mybatis.spring.mapper.ClassPathMapperScanner - Identified candidate component class: file [/data/blockchain/work/byd-schedule-service/target/classes/com/ora/blockchain/mybatis/mapper/wallet/WalletMapper.class]
2018-08-24 15:01:58,460 [main] [DEBUG] org.mybatis.spring.mapper.ClassPathMapperScanner - Creating MapperFactoryBean with name 'blockMapper' and 'com.ora.blockchain.mybatis.mapper.block.BlockMapper' mapperInterface
2018-08-24 15:01:58,460 [main] [DEBUG] org.mybatis.spring.mapper.ClassPathMapperScanner - Enabling autowire by type for MapperFactoryBean with name 'blockMapper'.
2018-08-24 15:01:58,460 [main] [DEBUG] org.mybatis.spring.mapper.ClassPathMapperScanner - Creating MapperFactoryBean with name 'ethereumBlockMapper' and 'com.ora.blockchain.mybatis.mapper.block.EthereumBlockMapper' mapperInterface
2018-08-24 15:01:58,460 [main] [DEBUG] org.mybatis.spring.mapper.ClassPathMapperScanner - Enabling autowire by type for MapperFactoryBean with name 'ethereumBlockMapper'.
2018-08-24 15:01:58,460 [main] [DEBUG] org.mybatis.spring.mapper.ClassPathMapperScanner - Creating MapperFactoryBean with name 'scanCursorMapper' and 'com.ora.blockchain.mybatis.mapper.common.ScanCursorMapper' mapperInterface
2018-08-24 15:01:58,460 [main] [DEBUG] org.mybatis.spring.mapper.ClassPathMapperScanner - Enabling autowire by type for MapperFactoryBean with name 'scanCursorMapper'.
2018-08-24 15:01:58,460 [main] [DEBUG] org.mybatis.spring.mapper.ClassPathMapperScanner - Creating MapperFactoryBean with name 'inputMapper' and 'com.ora.blockchain.mybatis.mapper.input.InputMapper' mapperInterface
2018-08-24 15:01:58,460 [main] [DEBUG] org.mybatis.spring.mapper.ClassPathMapperScanner - Enabling autowire by type for MapperFactoryBean with name 'inputMapper'.
2018-08-24 15:01:58,460 [main] [DEBUG] org.mybatis.spring.mapper.ClassPathMapperScanner - Creating MapperFactoryBean with name 'outputMapper' and 'com.ora.blockchain.mybatis.mapper.output.OutputMapper' mapperInterface
2018-08-24 15:01:58,460 [main] [DEBUG] org.mybatis.spring.mapper.ClassPathMapperScanner - Enabling autowire by type for MapperFactoryBean with name 'outputMapper'.
2018-08-24 15:01:58,460 [main] [DEBUG] org.mybatis.spring.mapper.ClassPathMapperScanner - Creating MapperFactoryBean with name 'ethereumERC20Mapper' and 'com.ora.blockchain.mybatis.mapper.transaction.EthereumERC20Mapper' mapperInterface
2018-08-24 15:01:58,460 [main] [DEBUG] org.mybatis.spring.mapper.ClassPathMapperScanner - Enabling autowire by type for MapperFactoryBean with name 'ethereumERC20Mapper'.
2018-08-24 15:01:58,460 [main] [DEBUG] org.mybatis.spring.mapper.ClassPathMapperScanner - Creating MapperFactoryBean with name 'ethereumTransactionMapper' and 'com.ora.blockchain.mybatis.mapper.transaction.EthereumTransactionMapper' mapperInterface
2018-08-24 15:01:58,460 [main] [DEBUG] org.mybatis.spring.mapper.ClassPathMapperScanner - Enabling autowire by type for MapperFactoryBean with name 'ethereumTransactionMapper'.
2018-08-24 15:01:58,460 [main] [DEBUG] org.mybatis.spring.mapper.ClassPathMapperScanner - Creating MapperFactoryBean with name 'transactionMapper' and 'com.ora.blockchain.mybatis.mapper.transaction.TransactionMapper' mapperInterface
2018-08-24 15:01:58,460 [main] [DEBUG] org.mybatis.spring.mapper.ClassPathMapperScanner - Enabling autowire by type for MapperFactoryBean with name 'transactionMapper'.
2018-08-24 15:01:58,460 [main] [DEBUG] org.mybatis.spring.mapper.ClassPathMapperScanner - Creating MapperFactoryBean with name 'walletAccountBalanceMapper' and 'com.ora.blockchain.mybatis.mapper.wallet.WalletAccountBalanceMapper' mapperInterface
2018-08-24 15:01:58,461 [main] [DEBUG] org.mybatis.spring.mapper.ClassPathMapperScanner - Enabling autowire by type for MapperFactoryBean with name 'walletAccountBalanceMapper'.
2018-08-24 15:01:58,461 [main] [DEBUG] org.mybatis.spring.mapper.ClassPathMapperScanner - Creating MapperFactoryBean with name 'walletAccountBindMapper' and 'com.ora.blockchain.mybatis.mapper.wallet.WalletAccountBindMapper' mapperInterface
2018-08-24 15:01:58,461 [main] [DEBUG] org.mybatis.spring.mapper.ClassPathMapperScanner - Enabling autowire by type for MapperFactoryBean with name 'walletAccountBindMapper'.
2018-08-24 15:01:58,461 [main] [DEBUG] org.mybatis.spring.mapper.ClassPathMapperScanner - Creating MapperFactoryBean with name 'walletMapper' and 'com.ora.blockchain.mybatis.mapper.wallet.WalletMapper' mapperInterface
2018-08-24 15:01:58,461 [main] [DEBUG] org.mybatis.spring.mapper.ClassPathMapperScanner - Enabling autowire by type for MapperFactoryBean with name 'walletMapper'.
2018-08-24 15:01:59,085 [main] [DEBUG] org.hibernate.validator.internal.engine.resolver.DefaultTraversableResolver - Cannot find javax.persistence.Persistence on classpath. Assuming non JPA 2 environment. All properties will per default be traversable.
2018-08-24 15:01:59,095 [main] [DEBUG] org.hibernate.validator.internal.engine.resolver.DefaultTraversableResolver - Cannot find javax.persistence.Persistence on classpath. Assuming non JPA 2 environment. All properties will per default be traversable.
2018-08-24 15:01:59,098 [main] [DEBUG] org.hibernate.validator.internal.engine.ConfigurationImpl - Setting custom MessageInterpolator of type org.springframework.validation.beanvalidation.LocaleContextMessageInterpolator
2018-08-24 15:01:59,099 [main] [DEBUG] org.hibernate.validator.internal.engine.ConfigurationImpl - Setting custom ConstraintValidatorFactory of type org.springframework.validation.beanvalidation.SpringConstraintValidatorFactory
2018-08-24 15:01:59,100 [main] [DEBUG] org.hibernate.validator.internal.engine.ConfigurationImpl - Setting custom ParameterNameProvider of type com.sun.proxy.$Proxy93
2018-08-24 15:01:59,101 [main] [DEBUG] org.hibernate.validator.internal.xml.ValidationXmlParser - Trying to load META-INF/validation.xml for XML based Validator configuration.
2018-08-24 15:01:59,102 [main] [DEBUG] org.hibernate.validator.internal.xml.ResourceLoaderHelper - Trying to load META-INF/validation.xml via user class loader
2018-08-24 15:01:59,103 [main] [DEBUG] org.hibernate.validator.internal.xml.ResourceLoaderHelper - Trying to load META-INF/validation.xml via TCCL
2018-08-24 15:01:59,103 [main] [DEBUG] org.hibernate.validator.internal.xml.ResourceLoaderHelper - Trying to load META-INF/validation.xml via Hibernate Validator's class loader
2018-08-24 15:01:59,103 [main] [DEBUG] org.hibernate.validator.internal.xml.ValidationXmlParser - No META-INF/validation.xml found. Using annotation based configuration only.
2018-08-24 15:05:57,350 [background-preinit] [DEBUG] org.jboss.logging - Logging Provider: org.jboss.logging.Slf4jLoggerProvider found via system property
2018-08-24 15:05:57,994 [background-preinit] [DEBUG] org.hibernate.validator.internal.engine.resolver.DefaultTraversableResolver - Cannot find javax.persistence.Persistence on classpath. Assuming non JPA 2 environment. All properties will per default be traversable.
2018-08-24 15:06:09,184 [main] [DEBUG] com.ora.blockchain.service.block.IBlockTest - Running with Spring Boot v1.5.8.RELEASE, Spring v4.3.12.RELEASE
2018-08-24 15:06:09,690 [main] [DEBUG] org.mybatis.spring.mapper.ClassPathMapperScanner - Identified candidate component class: file [/data/blockchain/work/byd-schedule-service/target/classes/com/ora/blockchain/mybatis/mapper/block/BlockMapper.class]
2018-08-24 15:06:10,069 [main] [DEBUG] org.mybatis.spring.mapper.ClassPathMapperScanner - Identified candidate component class: file [/data/blockchain/work/byd-schedule-service/target/classes/com/ora/blockchain/mybatis/mapper/block/EthereumBlockMapper.class]
2018-08-24 15:06:10,069 [main] [DEBUG] org.mybatis.spring.mapper.ClassPathMapperScanner - Identified candidate component class: file [/data/blockchain/work/byd-schedule-service/target/classes/com/ora/blockchain/mybatis/mapper/common/ScanCursorMapper.class]
2018-08-24 15:06:10,069 [main] [DEBUG] org.mybatis.spring.mapper.ClassPathMapperScanner - Identified candidate component class: file [/data/blockchain/work/byd-schedule-service/target/classes/com/ora/blockchain/mybatis/mapper/input/InputMapper.class]
2018-08-24 15:06:10,069 [main] [DEBUG] org.mybatis.spring.mapper.ClassPathMapperScanner - Identified candidate component class: file [/data/blockchain/work/byd-schedule-service/target/classes/com/ora/blockchain/mybatis/mapper/output/OutputMapper.class]
2018-08-24 15:06:10,070 [main] [DEBUG] org.mybatis.spring.mapper.ClassPathMapperScanner - Identified candidate component class: file [/data/blockchain/work/byd-schedule-service/target/classes/com/ora/blockchain/mybatis/mapper/transaction/EthereumERC20Mapper.class]
2018-08-24 15:06:10,070 [main] [DEBUG] org.mybatis.spring.mapper.ClassPathMapperScanner - Identified candidate component class: file [/data/blockchain/work/byd-schedule-service/target/classes/com/ora/blockchain/mybatis/mapper/transaction/EthereumTransactionMapper.class]
2018-08-24 15:06:10,070 [main] [DEBUG] org.mybatis.spring.mapper.ClassPathMapperScanner - Identified candidate component class: file [/data/blockchain/work/byd-schedule-service/target/classes/com/ora/blockchain/mybatis/mapper/transaction/TransactionMapper.class]
2018-08-24 15:06:10,070 [main] [DEBUG] org.mybatis.spring.mapper.ClassPathMapperScanner - Identified candidate component class: file [/data/blockchain/work/byd-schedule-service/target/classes/com/ora/blockchain/mybatis/mapper/wallet/WalletAccountBalanceMapper.class]
2018-08-24 15:06:10,070 [main] [DEBUG] org.mybatis.spring.mapper.ClassPathMapperScanner - Identified candidate component class: file [/data/blockchain/work/byd-schedule-service/target/classes/com/ora/blockchain/mybatis/mapper/wallet/WalletAccountBindMapper.class]
2018-08-24 15:06:10,070 [main] [DEBUG] org.mybatis.spring.mapper.ClassPathMapperScanner - Identified candidate component class: file [/data/blockchain/work/byd-schedule-service/target/classes/com/ora/blockchain/mybatis/mapper/wallet/WalletMapper.class]
2018-08-24 15:06:10,071 [main] [DEBUG] org.mybatis.spring.mapper.ClassPathMapperScanner - Creating MapperFactoryBean with name 'blockMapper' and 'com.ora.blockchain.mybatis.mapper.block.BlockMapper' mapperInterface
2018-08-24 15:06:10,071 [main] [DEBUG] org.mybatis.spring.mapper.ClassPathMapperScanner - Enabling autowire by type for MapperFactoryBean with name 'blockMapper'.
2018-08-24 15:06:10,071 [main] [DEBUG] org.mybatis.spring.mapper.ClassPathMapperScanner - Creating MapperFactoryBean with name 'ethereumBlockMapper' and 'com.ora.blockchain.mybatis.mapper.block.EthereumBlockMapper' mapperInterface
2018-08-24 15:06:10,071 [main] [DEBUG] org.mybatis.spring.mapper.ClassPathMapperScanner - Enabling autowire by type for MapperFactoryBean with name 'ethereumBlockMapper'.
2018-08-24 15:06:10,071 [main] [DEBUG] org.mybatis.spring.mapper.ClassPathMapperScanner - Creating MapperFactoryBean with name 'scanCursorMapper' and 'com.ora.blockchain.mybatis.mapper.common.ScanCursorMapper' mapperInterface
2018-08-24 15:06:10,071 [main] [DEBUG] org.mybatis.spring.mapper.ClassPathMapperScanner - Enabling autowire by type for MapperFactoryBean with name 'scanCursorMapper'.
2018-08-24 15:06:10,071 [main] [DEBUG] org.mybatis.spring.mapper.ClassPathMapperScanner - Creating MapperFactoryBean with name 'inputMapper' and 'com.ora.blockchain.mybatis.mapper.input.InputMapper' mapperInterface
2018-08-24 15:06:10,071 [main] [DEBUG] org.mybatis.spring.mapper.ClassPathMapperScanner - Enabling autowire by type for MapperFactoryBean with name 'inputMapper'.
2018-08-24 15:06:10,071 [main] [DEBUG] org.mybatis.spring.mapper.ClassPathMapperScanner - Creating MapperFactoryBean with name 'outputMapper' and 'com.ora.blockchain.mybatis.mapper.output.OutputMapper' mapperInterface
2018-08-24 15:06:10,071 [main] [DEBUG] org.mybatis.spring.mapper.ClassPathMapperScanner - Enabling autowire by type for MapperFactoryBean with name 'outputMapper'.
2018-08-24 15:06:10,071 [main] [DEBUG] org.mybatis.spring.mapper.ClassPathMapperScanner - Creating MapperFactoryBean with name 'ethereumERC20Mapper' and 'com.ora.blockchain.mybatis.mapper.transaction.EthereumERC20Mapper' mapperInterface
2018-08-24 15:06:10,071 [main] [DEBUG] org.mybatis.spring.mapper.ClassPathMapperScanner - Enabling autowire by type for MapperFactoryBean with name 'ethereumERC20Mapper'.
2018-08-24 15:06:10,071 [main] [DEBUG] org.mybatis.spring.mapper.ClassPathMapperScanner - Creating MapperFactoryBean with name 'ethereumTransactionMapper' and 'com.ora.blockchain.mybatis.mapper.transaction.EthereumTransactionMapper' mapperInterface
2018-08-24 15:06:10,071 [main] [DEBUG] org.mybatis.spring.mapper.ClassPathMapperScanner - Enabling autowire by type for MapperFactoryBean with name 'ethereumTransactionMapper'.
2018-08-24 15:06:10,071 [main] [DEBUG] org.mybatis.spring.mapper.ClassPathMapperScanner - Creating MapperFactoryBean with name 'transactionMapper' and 'com.ora.blockchain.mybatis.mapper.transaction.TransactionMapper' mapperInterface
2018-08-24 15:06:10,071 [main] [DEBUG] org.mybatis.spring.mapper.ClassPathMapperScanner - Enabling autowire by type for MapperFactoryBean with name 'transactionMapper'.
2018-08-24 15:06:10,071 [main] [DEBUG] org.mybatis.spring.mapper.ClassPathMapperScanner - Creating MapperFactoryBean with name 'walletAccountBalanceMapper' and 'com.ora.blockchain.mybatis.mapper.wallet.WalletAccountBalanceMapper' mapperInterface
2018-08-24 15:06:10,071 [main] [DEBUG] org.mybatis.spring.mapper.ClassPathMapperScanner - Enabling autowire by type for MapperFactoryBean with name 'walletAccountBalanceMapper'.
2018-08-24 15:06:10,071 [main] [DEBUG] org.mybatis.spring.mapper.ClassPathMapperScanner - Creating MapperFactoryBean with name 'walletAccountBindMapper' and 'com.ora.blockchain.mybatis.mapper.wallet.WalletAccountBindMapper' mapperInterface
2018-08-24 15:06:10,071 [main] [DEBUG] org.mybatis.spring.mapper.ClassPathMapperScanner - Enabling autowire by type for MapperFactoryBean with name 'walletAccountBindMapper'.
2018-08-24 15:06:10,071 [main] [DEBUG] org.mybatis.spring.mapper.ClassPathMapperScanner - Creating MapperFactoryBean with name 'walletMapper' and 'com.ora.blockchain.mybatis.mapper.wallet.WalletMapper' mapperInterface
2018-08-24 15:06:10,071 [main] [DEBUG] org.mybatis.spring.mapper.ClassPathMapperScanner - Enabling autowire by type for MapperFactoryBean with name 'walletMapper'.
2018-08-24 15:06:10,756 [main] [DEBUG] org.hibernate.validator.internal.engine.resolver.DefaultTraversableResolver - Cannot find javax.persistence.Persistence on classpath. Assuming non JPA 2 environment. All properties will per default be traversable.
2018-08-24 15:06:10,766 [main] [DEBUG] org.hibernate.validator.internal.engine.resolver.DefaultTraversableResolver - Cannot find javax.persistence.Persistence on classpath. Assuming non JPA 2 environment. All properties will per default be traversable.
2018-08-24 15:06:10,769 [main] [DEBUG] org.hibernate.validator.internal.engine.ConfigurationImpl - Setting custom MessageInterpolator of type org.springframework.validation.beanvalidation.LocaleContextMessageInterpolator
2018-08-24 15:06:10,770 [main] [DEBUG] org.hibernate.validator.internal.engine.ConfigurationImpl - Setting custom ConstraintValidatorFactory of type org.springframework.validation.beanvalidation.SpringConstraintValidatorFactory
2018-08-24 15:06:10,771 [main] [DEBUG] org.hibernate.validator.internal.engine.ConfigurationImpl - Setting custom ParameterNameProvider of type com.sun.proxy.$Proxy93
2018-08-24 15:06:10,773 [main] [DEBUG] org.hibernate.validator.internal.xml.ValidationXmlParser - Trying to load META-INF/validation.xml for XML based Validator configuration.
2018-08-24 15:06:10,774 [main] [DEBUG] org.hibernate.validator.internal.xml.ResourceLoaderHelper - Trying to load META-INF/validation.xml via user class loader
2018-08-24 15:06:10,775 [main] [DEBUG] org.hibernate.validator.internal.xml.ResourceLoaderHelper - Trying to load META-INF/validation.xml via TCCL
2018-08-24 15:06:10,775 [main] [DEBUG] org.hibernate.validator.internal.xml.ResourceLoaderHelper - Trying to load META-INF/validation.xml via Hibernate Validator's class loader
2018-08-24 15:06:10,775 [main] [DEBUG] org.hibernate.validator.internal.xml.ValidationXmlParser - No META-INF/validation.xml found. Using annotation based configuration only.
2018-08-24 15:06:50,205 [background-preinit] [DEBUG] org.jboss.logging - Logging Provider: org.jboss.logging.Slf4jLoggerProvider found via system property
2018-08-24 15:06:50,220 [background-preinit] [DEBUG] org.hibernate.validator.internal.engine.resolver.DefaultTraversableResolver - Cannot find javax.persistence.Persistence on classpath. Assuming non JPA 2 environment. All properties will per default be traversable.
2018-08-24 15:07:02,064 [main] [DEBUG] com.ora.blockchain.service.block.IBlockTest - Running with Spring Boot v1.5.8.RELEASE, Spring v4.3.12.RELEASE
2018-08-24 15:07:02,555 [main] [DEBUG] org.mybatis.spring.mapper.ClassPathMapperScanner - Identified candidate component class: file [/data/blockchain/work/byd-schedule-service/target/classes/com/ora/blockchain/mybatis/mapper/block/BlockMapper.class]
2018-08-24 15:07:02,556 [main] [DEBUG] org.mybatis.spring.mapper.ClassPathMapperScanner - Identified candidate component class: file [/data/blockchain/work/byd-schedule-service/target/classes/com/ora/blockchain/mybatis/mapper/block/EthereumBlockMapper.class]
2018-08-24 15:07:02,556 [main] [DEBUG] org.mybatis.spring.mapper.ClassPathMapperScanner - Identified candidate component class: file [/data/blockchain/work/byd-schedule-service/target/classes/com/ora/blockchain/mybatis/mapper/common/ScanCursorMapper.class]
2018-08-24 15:07:02,556 [main] [DEBUG] org.mybatis.spring.mapper.ClassPathMapperScanner - Identified candidate component class: file [/data/blockchain/work/byd-schedule-service/target/classes/com/ora/blockchain/mybatis/mapper/input/InputMapper.class]
2018-08-24 15:07:02,556 [main] [DEBUG] org.mybatis.spring.mapper.ClassPathMapperScanner - Identified candidate component class: file [/data/blockchain/work/byd-schedule-service/target/classes/com/ora/blockchain/mybatis/mapper/output/OutputMapper.class]
2018-08-24 15:07:02,556 [main] [DEBUG] org.mybatis.spring.mapper.ClassPathMapperScanner - Identified candidate component class: file [/data/blockchain/work/byd-schedule-service/target/classes/com/ora/blockchain/mybatis/mapper/transaction/EthereumERC20Mapper.class]
2018-08-24 15:07:02,556 [main] [DEBUG] org.mybatis.spring.mapper.ClassPathMapperScanner - Identified candidate component class: file [/data/blockchain/work/byd-schedule-service/target/classes/com/ora/blockchain/mybatis/mapper/transaction/EthereumTransactionMapper.class]
2018-08-24 15:07:02,556 [main] [DEBUG] org.mybatis.spring.mapper.ClassPathMapperScanner - Identified candidate component class: file [/data/blockchain/work/byd-schedule-service/target/classes/com/ora/blockchain/mybatis/mapper/transaction/TransactionMapper.class]
2018-08-24 15:07:02,556 [main] [DEBUG] org.mybatis.spring.mapper.ClassPathMapperScanner - Identified candidate component class: file [/data/blockchain/work/byd-schedule-service/target/classes/com/ora/blockchain/mybatis/mapper/wallet/WalletAccountBalanceMapper.class]
2018-08-24 15:07:02,557 [main] [DEBUG] org.mybatis.spring.mapper.ClassPathMapperScanner - Identified candidate component class: file [/data/blockchain/work/byd-schedule-service/target/classes/com/ora/blockchain/mybatis/mapper/wallet/WalletAccountBindMapper.class]
2018-08-24 15:07:02,557 [main] [DEBUG] org.mybatis.spring.mapper.ClassPathMapperScanner - Identified candidate component class: file [/data/blockchain/work/byd-schedule-service/target/classes/com/ora/blockchain/mybatis/mapper/wallet/WalletMapper.class]
2018-08-24 15:07:02,557 [main] [DEBUG] org.mybatis.spring.mapper.ClassPathMapperScanner - Creating MapperFactoryBean with name 'blockMapper' and 'com.ora.blockchain.mybatis.mapper.block.BlockMapper' mapperInterface
2018-08-24 15:07:02,557 [main] [DEBUG] org.mybatis.spring.mapper.ClassPathMapperScanner - Enabling autowire by type for MapperFactoryBean with name 'blockMapper'.
2018-08-24 15:07:02,557 [main] [DEBUG] org.mybatis.spring.mapper.ClassPathMapperScanner - Creating MapperFactoryBean with name 'ethereumBlockMapper' and 'com.ora.blockchain.mybatis.mapper.block.EthereumBlockMapper' mapperInterface
2018-08-24 15:07:02,557 [main] [DEBUG] org.mybatis.spring.mapper.ClassPathMapperScanner - Enabling autowire by type for MapperFactoryBean with name 'ethereumBlockMapper'.
2018-08-24 15:07:02,557 [main] [DEBUG] org.mybatis.spring.mapper.ClassPathMapperScanner - Creating MapperFactoryBean with name 'scanCursorMapper' and 'com.ora.blockchain.mybatis.mapper.common.ScanCursorMapper' mapperInterface
2018-08-24 15:07:02,557 [main] [DEBUG] org.mybatis.spring.mapper.ClassPathMapperScanner - Enabling autowire by type for MapperFactoryBean with name 'scanCursorMapper'.
2018-08-24 15:07:02,557 [main] [DEBUG] org.mybatis.spring.mapper.ClassPathMapperScanner - Creating MapperFactoryBean with name 'inputMapper' and 'com.ora.blockchain.mybatis.mapper.input.InputMapper' mapperInterface
2018-08-24 15:07:02,557 [main] [DEBUG] org.mybatis.spring.mapper.ClassPathMapperScanner - Enabling autowire by type for MapperFactoryBean with name 'inputMapper'.
2018-08-24 15:07:02,557 [main] [DEBUG] org.mybatis.spring.mapper.ClassPathMapperScanner - Creating MapperFactoryBean with name 'outputMapper' and 'com.ora.blockchain.mybatis.mapper.output.OutputMapper' mapperInterface
2018-08-24 15:07:02,557 [main] [DEBUG] org.mybatis.spring.mapper.ClassPathMapperScanner - Enabling autowire by type for MapperFactoryBean with name 'outputMapper'.
2018-08-24 15:07:02,557 [main] [DEBUG] org.mybatis.spring.mapper.ClassPathMapperScanner - Creating MapperFactoryBean with name 'ethereumERC20Mapper' and 'com.ora.blockchain.mybatis.mapper.transaction.EthereumERC20Mapper' mapperInterface
2018-08-24 15:07:02,558 [main] [DEBUG] org.mybatis.spring.mapper.ClassPathMapperScanner - Enabling autowire by type for MapperFactoryBean with name 'ethereumERC20Mapper'.
2018-08-24 15:07:02,558 [main] [DEBUG] org.mybatis.spring.mapper.ClassPathMapperScanner - Creating MapperFactoryBean with name 'ethereumTransactionMapper' and 'com.ora.blockchain.mybatis.mapper.transaction.EthereumTransactionMapper' mapperInterface
2018-08-24 15:07:02,558 [main] [DEBUG] org.mybatis.spring.mapper.ClassPathMapperScanner - Enabling autowire by type for MapperFactoryBean with name 'ethereumTransactionMapper'.
2018-08-24 15:07:02,558 [main] [DEBUG] org.mybatis.spring.mapper.ClassPathMapperScanner - Creating MapperFactoryBean with name 'transactionMapper' and 'com.ora.blockchain.mybatis.mapper.transaction.TransactionMapper' mapperInterface
2018-08-24 15:07:02,558 [main] [DEBUG] org.mybatis.spring.mapper.ClassPathMapperScanner - Enabling autowire by type for MapperFactoryBean with name 'transactionMapper'.
2018-08-24 15:07:02,558 [main] [DEBUG] org.mybatis.spring.mapper.ClassPathMapperScanner - Creating MapperFactoryBean with name 'walletAccountBalanceMapper' and 'com.ora.blockchain.mybatis.mapper.wallet.WalletAccountBalanceMapper' mapperInterface
2018-08-24 15:07:02,558 [main] [DEBUG] org.mybatis.spring.mapper.ClassPathMapperScanner - Enabling autowire by type for MapperFactoryBean with name 'walletAccountBalanceMapper'.
2018-08-24 15:07:02,558 [main] [DEBUG] org.mybatis.spring.mapper.ClassPathMapperScanner - Creating MapperFactoryBean with name 'walletAccountBindMapper' and 'com.ora.blockchain.mybatis.mapper.wallet.WalletAccountBindMapper' mapperInterface
2018-08-24 15:07:02,558 [main] [DEBUG] org.mybatis.spring.mapper.ClassPathMapperScanner - Enabling autowire by type for MapperFactoryBean with name 'walletAccountBindMapper'.
2018-08-24 15:07:02,558 [main] [DEBUG] org.mybatis.spring.mapper.ClassPathMapperScanner - Creating MapperFactoryBean with name 'walletMapper' and 'com.ora.blockchain.mybatis.mapper.wallet.WalletMapper' mapperInterface
2018-08-24 15:07:02,558 [main] [DEBUG] org.mybatis.spring.mapper.ClassPathMapperScanner - Enabling autowire by type for MapperFactoryBean with name 'walletMapper'.
2018-08-24 15:07:03,134 [main] [DEBUG] org.hibernate.validator.internal.engine.resolver.DefaultTraversableResolver - Cannot find javax.persistence.Persistence on classpath. Assuming non JPA 2 environment. All properties will per default be traversable.
2018-08-24 15:07:03,142 [main] [DEBUG] org.hibernate.validator.internal.engine.resolver.DefaultTraversableResolver - Cannot find javax.persistence.Persistence on classpath. Assuming non JPA 2 environment. All properties will per default be traversable.
2018-08-24 15:07:03,144 [main] [DEBUG] org.hibernate.validator.internal.engine.ConfigurationImpl - Setting custom MessageInterpolator of type org.springframework.validation.beanvalidation.LocaleContextMessageInterpolator
2018-08-24 15:07:03,144 [main] [DEBUG] org.hibernate.validator.internal.engine.ConfigurationImpl - Setting custom ConstraintValidatorFactory of type org.springframework.validation.beanvalidation.SpringConstraintValidatorFactory
2018-08-24 15:07:03,145 [main] [DEBUG] org.hibernate.validator.internal.engine.ConfigurationImpl - Setting custom ParameterNameProvider of type com.sun.proxy.$Proxy93
2018-08-24 15:07:03,147 [main] [DEBUG] org.hibernate.validator.internal.xml.ValidationXmlParser - Trying to load META-INF/validation.xml for XML based Validator configuration.
2018-08-24 15:07:03,148 [main] [DEBUG] org.hibernate.validator.internal.xml.ResourceLoaderHelper - Trying to load META-INF/validation.xml via user class loader
2018-08-24 15:07:03,148 [main] [DEBUG] org.hibernate.validator.internal.xml.ResourceLoaderHelper - Trying to load META-INF/validation.xml via TCCL
2018-08-24 15:07:03,148 [main] [DEBUG] org.hibernate.validator.internal.xml.ResourceLoaderHelper - Trying to load META-INF/validation.xml via Hibernate Validator's class loader
2018-08-24 15:07:03,149 [main] [DEBUG] org.hibernate.validator.internal.xml.ValidationXmlParser - No META-INF/validation.xml found. Using annotation based configuration only.
2018-08-24 15:07:16,396 [main] [DEBUG] org.mybatis.spring.SqlSessionFactoryBean - Property 'mapperLocations' was not specified or no matching resources found
2018-08-24 15:07:18,685 [main] [DEBUG] org.hibernate.validator.internal.engine.resolver.DefaultTraversableResolver - Cannot find javax.persistence.Persistence on classpath. Assuming non JPA 2 environment. All properties will per default be traversable.
2018-08-24 15:07:18,689 [main] [DEBUG] org.hibernate.validator.internal.engine.resolver.DefaultTraversableResolver - Cannot find javax.persistence.Persistence on classpath. Assuming non JPA 2 environment. All properties will per default be traversable.
2018-08-24 15:07:18,690 [main] [DEBUG] org.hibernate.validator.internal.engine.ConfigurationImpl - Setting custom MessageInterpolator of type org.springframework.validation.beanvalidation.LocaleContextMessageInterpolator
2018-08-24 15:07:18,690 [main] [DEBUG] org.hibernate.validator.internal.engine.ConfigurationImpl - Setting custom ConstraintValidatorFactory of type org.springframework.validation.beanvalidation.SpringConstraintValidatorFactory
2018-08-24 15:07:18,690 [main] [DEBUG] org.hibernate.validator.internal.engine.ConfigurationImpl - Setting custom ParameterNameProvider of type com.sun.proxy.$Proxy93
2018-08-24 15:07:18,690 [main] [DEBUG] org.hibernate.validator.internal.xml.ValidationXmlParser - Trying to load META-INF/validation.xml for XML based Validator configuration.
2018-08-24 15:07:18,690 [main] [DEBUG] org.hibernate.validator.internal.xml.ResourceLoaderHelper - Trying to load META-INF/validation.xml via user class loader
2018-08-24 15:07:18,690 [main] [DEBUG] org.hibernate.validator.internal.xml.ResourceLoaderHelper - Trying to load META-INF/validation.xml via TCCL
2018-08-24 15:07:18,690 [main] [DEBUG] org.hibernate.validator.internal.xml.ResourceLoaderHelper - Trying to load META-INF/validation.xml via Hibernate Validator's class loader
2018-08-24 15:07:18,690 [main] [DEBUG] org.hibernate.validator.internal.xml.ValidationXmlParser - No META-INF/validation.xml found. Using annotation based configuration only.
2018-08-24 15:07:19,124 [main] [DEBUG] org.quartz.impl.jdbcjobstore.StdRowLockSemaphore - Lock 'STATE_ACCESS' is desired by: main
2018-08-24 15:07:19,125 [main] [DEBUG] org.quartz.impl.jdbcjobstore.StdRowLockSemaphore - Lock 'STATE_ACCESS' is being obtained: main
2018-08-24 15:07:19,126 [main] [DEBUG] org.quartz.impl.jdbcjobstore.StdRowLockSemaphore - Lock 'STATE_ACCESS' given to: main
2018-08-24 15:07:19,131 [main] [DEBUG] org.quartz.impl.jdbcjobstore.StdRowLockSemaphore - Lock 'TRIGGER_ACCESS' is desired by: main
2018-08-24 15:07:19,131 [main] [DEBUG] org.quartz.impl.jdbcjobstore.StdRowLockSemaphore - Lock 'TRIGGER_ACCESS' is being obtained: main
2018-08-24 15:07:19,132 [main] [DEBUG] org.quartz.impl.jdbcjobstore.StdRowLockSemaphore - Lock 'TRIGGER_ACCESS' given to: main
2018-08-24 15:07:19,139 [main] [DEBUG] org.quartz.impl.jdbcjobstore.StdRowLockSemaphore - Lock 'TRIGGER_ACCESS' returned by: main
2018-08-24 15:07:19,139 [main] [DEBUG] org.quartz.impl.jdbcjobstore.StdRowLockSemaphore - Lock 'STATE_ACCESS' returned by: main
2018-08-24 15:07:19,147 [schedulerFactoryBean_QuartzSchedulerThread] [DEBUG] org.quartz.core.QuartzSchedulerThread - batch acquisition of 0 triggers
2018-08-24 15:07:19,269 [main] [DEBUG] org.mybatis.spring.SqlSessionUtils - Creating a new SqlSession
2018-08-24 15:07:19,274 [main] [DEBUG] org.mybatis.spring.SqlSessionUtils - Registering transaction synchronization for SqlSession [org.apache.ibatis.session.defaults.DefaultSqlSession@2f04993d]
2018-08-24 15:07:19,304 [main] [DEBUG] org.mybatis.spring.transaction.SpringManagedTransaction - JDBC Connection [com.mysql.jdbc.JDBC4Connection@3db6dd52] will be managed by Spring
2018-08-24 15:07:19,306 [main] [DEBUG] com.ora.blockchain.mybatis.mapper.block.BlockMapper.queryLastBlock - ==>  Preparing: SELECT block_hash AS blockHash,height FROM coin_bcd.block ORDER BY height DESC LIMIT 1; 
2018-08-24 15:07:19,315 [main] [DEBUG] com.ora.blockchain.mybatis.mapper.block.BlockMapper.queryLastBlock - ==> Parameters: 
2018-08-24 15:07:19,325 [main] [DEBUG] com.ora.blockchain.mybatis.mapper.block.BlockMapper.queryLastBlock - <==      Total: 0
2018-08-24 15:07:19,325 [main] [DEBUG] org.mybatis.spring.SqlSessionUtils - Releasing transactional SqlSession [org.apache.ibatis.session.defaults.DefaultSqlSession@2f04993d]
2018-08-24 15:07:19,534 [main] [DEBUG] org.mybatis.spring.SqlSessionUtils - Fetched SqlSession [org.apache.ibatis.session.defaults.DefaultSqlSession@2f04993d] from current transaction
2018-08-24 15:07:19,534 [main] [DEBUG] org.mybatis.spring.SqlSessionUtils - Releasing transactional SqlSession [org.apache.ibatis.session.defaults.DefaultSqlSession@2f04993d]
2018-08-24 15:07:19,540 [main] [DEBUG] org.mybatis.spring.SqlSessionUtils - Fetched SqlSession [org.apache.ibatis.session.defaults.DefaultSqlSession@2f04993d] from current transaction
2018-08-24 15:07:19,541 [main] [DEBUG] com.ora.blockchain.mybatis.mapper.block.BlockMapper.insertBlock - ==>  Preparing: INSERT INTO coin_bcd.block (`block_hash`,`previous_block_hash`,`merkleroot`,`chainwork`,`size`,`height`,`version`,`time`,`median_time`,`bits`,`nonce`,`difficulty`,`create_ts`) VALUES (?,?,?,?,?,?,?,?,?, ?,?,?,now()) 
2018-08-24 15:07:19,545 [main] [DEBUG] com.ora.blockchain.mybatis.mapper.block.BlockMapper.insertBlock - ==> Parameters: 261cd13bb277cd9420272017cee509c07539592502612d6f618e3100b21c9e4b(String), fc0ce188d56e7247b3d264a484afa4eb187929ce5e4748442ca67fc1a1ee4c63(String), 2e5fca9f9e717baa349ab5f351eac6ffc91ae7cedd5520a6e3ea03ca5787ac02(String), 000000000000000000000000000000000000000000b80c834bacf96c7b7b228d(String), 1019(Long), 531049(Long), 1610612736(Long), 1535093389(Long), 1535091358(Long), 1b0166c2(String), 111067911(Long), 46764.02691579016(String)
2018-08-24 15:07:19,547 [main] [DEBUG] com.ora.blockchain.mybatis.mapper.block.BlockMapper.insertBlock - <==    Updates: 1
2018-08-24 15:07:19,547 [main] [DEBUG] org.mybatis.spring.SqlSessionUtils - Releasing transactional SqlSession [org.apache.ibatis.session.defaults.DefaultSqlSession@2f04993d]
2018-08-24 15:07:19,601 [main] [DEBUG] org.mybatis.spring.SqlSessionUtils - Fetched SqlSession [org.apache.ibatis.session.defaults.DefaultSqlSession@2f04993d] from current transaction
2018-08-24 15:07:19,603 [main] [DEBUG] com.ora.blockchain.mybatis.mapper.wallet.WalletMapper.queryWalletByAddress - ==>  Preparing: SELECT address,account_id AS walletAccountId FROM wallet_common.wallet_account_bind WHERE address IN ( ? , ? , ? , ? , ? , ? ) 
2018-08-24 15:07:19,604 [main] [DEBUG] com.ora.blockchain.mybatis.mapper.wallet.WalletMapper.queryWalletByAddress - ==> Parameters: 17gKHMhuzshTDhZJis37V7ezuHJ9SKkc7u(String), null, 1LCBf7Bu7AmWFamhYLpnsPKsxY7H9kBGTm(String), 1JM59HKbHaQqQWNgFoNYcHQH91hB1jBnd9(String), 14BnaxsAoJXbtU4puSKtBbRVXkWn2FCw25(String), 1DrEHssdryjKnhua7rfoizEE8gAbBYziLu(String)
2018-08-24 15:07:19,605 [main] [DEBUG] com.ora.blockchain.mybatis.mapper.wallet.WalletMapper.queryWalletByAddress - <==      Total: 0
2018-08-24 15:07:19,605 [main] [DEBUG] org.mybatis.spring.SqlSessionUtils - Releasing transactional SqlSession [org.apache.ibatis.session.defaults.DefaultSqlSession@2f04993d]
2018-08-24 15:07:19,605 [main] [DEBUG] org.mybatis.spring.SqlSessionUtils - Fetched SqlSession [org.apache.ibatis.session.defaults.DefaultSqlSession@2f04993d] from current transaction
2018-08-24 15:07:19,605 [main] [DEBUG] com.ora.blockchain.mybatis.mapper.common.ScanCursorMapper.insert - ==>  Preparing: INSERT INTO coin_bcd.scancursor ( `current_block`, `sync_status` ) VALUES ( ?, ? ) 
2018-08-24 15:07:19,605 [main] [DEBUG] com.ora.blockchain.mybatis.mapper.common.ScanCursorMapper.insert - ==> Parameters: 531049(Long), 0(Integer)
2018-08-24 15:07:19,613 [main] [DEBUG] org.mybatis.spring.SqlSessionUtils - Releasing transactional SqlSession [org.apache.ibatis.session.defaults.DefaultSqlSession@2f04993d]
2018-08-24 15:07:19,638 [main] [DEBUG] org.mybatis.spring.SqlSessionUtils - Transaction synchronization deregistering SqlSession [org.apache.ibatis.session.defaults.DefaultSqlSession@2f04993d]
2018-08-24 15:07:19,638 [main] [DEBUG] org.mybatis.spring.SqlSessionUtils - Transaction synchronization closing SqlSession [org.apache.ibatis.session.defaults.DefaultSqlSession@2f04993d]
2018-08-24 15:07:19,655 [Thread-5] [DEBUG] org.quartz.simpl.SimpleThreadPool - Shutting down threadpool...
2018-08-24 15:07:19,655 [Thread-5] [DEBUG] org.quartz.simpl.SimpleThreadPool - Shutdown of threadpool complete.
2018-08-24 15:10:02,368 [background-preinit] [DEBUG] org.jboss.logging - Logging Provider: org.jboss.logging.Slf4jLoggerProvider found via system property
2018-08-24 15:10:02,383 [background-preinit] [DEBUG] org.hibernate.validator.internal.engine.resolver.DefaultTraversableResolver - Cannot find javax.persistence.Persistence on classpath. Assuming non JPA 2 environment. All properties will per default be traversable.
2018-08-24 15:10:14,712 [main] [DEBUG] com.ora.blockchain.service.block.IBlockTest - Running with Spring Boot v1.5.8.RELEASE, Spring v4.3.12.RELEASE
2018-08-24 15:10:15,230 [main] [DEBUG] org.mybatis.spring.mapper.ClassPathMapperScanner - Identified candidate component class: file [/data/blockchain/work/byd-schedule-service/target/classes/com/ora/blockchain/mybatis/mapper/block/BlockMapper.class]
2018-08-24 15:10:15,231 [main] [DEBUG] org.mybatis.spring.mapper.ClassPathMapperScanner - Identified candidate component class: file [/data/blockchain/work/byd-schedule-service/target/classes/com/ora/blockchain/mybatis/mapper/block/EthereumBlockMapper.class]
2018-08-24 15:10:15,231 [main] [DEBUG] org.mybatis.spring.mapper.ClassPathMapperScanner - Identified candidate component class: file [/data/blockchain/work/byd-schedule-service/target/classes/com/ora/blockchain/mybatis/mapper/common/ScanCursorMapper.class]
2018-08-24 15:10:15,231 [main] [DEBUG] org.mybatis.spring.mapper.ClassPathMapperScanner - Identified candidate component class: file [/data/blockchain/work/byd-schedule-service/target/classes/com/ora/blockchain/mybatis/mapper/input/InputMapper.class]
2018-08-24 15:10:15,231 [main] [DEBUG] org.mybatis.spring.mapper.ClassPathMapperScanner - Identified candidate component class: file [/data/blockchain/work/byd-schedule-service/target/classes/com/ora/blockchain/mybatis/mapper/output/OutputMapper.class]
2018-08-24 15:10:15,231 [main] [DEBUG] org.mybatis.spring.mapper.ClassPathMapperScanner - Identified candidate component class: file [/data/blockchain/work/byd-schedule-service/target/classes/com/ora/blockchain/mybatis/mapper/transaction/EthereumERC20Mapper.class]
2018-08-24 15:10:15,231 [main] [DEBUG] org.mybatis.spring.mapper.ClassPathMapperScanner - Identified candidate component class: file [/data/blockchain/work/byd-schedule-service/target/classes/com/ora/blockchain/mybatis/mapper/transaction/EthereumTransactionMapper.class]
2018-08-24 15:10:15,231 [main] [DEBUG] org.mybatis.spring.mapper.ClassPathMapperScanner - Identified candidate component class: file [/data/blockchain/work/byd-schedule-service/target/classes/com/ora/blockchain/mybatis/mapper/transaction/TransactionMapper.class]
2018-08-24 15:10:15,231 [main] [DEBUG] org.mybatis.spring.mapper.ClassPathMapperScanner - Identified candidate component class: file [/data/blockchain/work/byd-schedule-service/target/classes/com/ora/blockchain/mybatis/mapper/wallet/WalletAccountBalanceMapper.class]
2018-08-24 15:10:15,231 [main] [DEBUG] org.mybatis.spring.mapper.ClassPathMapperScanner - Identified candidate component class: file [/data/blockchain/work/byd-schedule-service/target/classes/com/ora/blockchain/mybatis/mapper/wallet/WalletAccountBindMapper.class]
2018-08-24 15:10:15,232 [main] [DEBUG] org.mybatis.spring.mapper.ClassPathMapperScanner - Identified candidate component class: file [/data/blockchain/work/byd-schedule-service/target/classes/com/ora/blockchain/mybatis/mapper/wallet/WalletMapper.class]
2018-08-24 15:10:15,232 [main] [DEBUG] org.mybatis.spring.mapper.ClassPathMapperScanner - Creating MapperFactoryBean with name 'blockMapper' and 'com.ora.blockchain.mybatis.mapper.block.BlockMapper' mapperInterface
2018-08-24 15:10:15,232 [main] [DEBUG] org.mybatis.spring.mapper.ClassPathMapperScanner - Enabling autowire by type for MapperFactoryBean with name 'blockMapper'.
2018-08-24 15:10:15,232 [main] [DEBUG] org.mybatis.spring.mapper.ClassPathMapperScanner - Creating MapperFactoryBean with name 'ethereumBlockMapper' and 'com.ora.blockchain.mybatis.mapper.block.EthereumBlockMapper' mapperInterface
2018-08-24 15:10:15,232 [main] [DEBUG] org.mybatis.spring.mapper.ClassPathMapperScanner - Enabling autowire by type for MapperFactoryBean with name 'ethereumBlockMapper'.
2018-08-24 15:10:15,232 [main] [DEBUG] org.mybatis.spring.mapper.ClassPathMapperScanner - Creating MapperFactoryBean with name 'scanCursorMapper' and 'com.ora.blockchain.mybatis.mapper.common.ScanCursorMapper' mapperInterface
2018-08-24 15:10:15,232 [main] [DEBUG] org.mybatis.spring.mapper.ClassPathMapperScanner - Enabling autowire by type for MapperFactoryBean with name 'scanCursorMapper'.
2018-08-24 15:10:15,232 [main] [DEBUG] org.mybatis.spring.mapper.ClassPathMapperScanner - Creating MapperFactoryBean with name 'inputMapper' and 'com.ora.blockchain.mybatis.mapper.input.InputMapper' mapperInterface
2018-08-24 15:10:15,232 [main] [DEBUG] org.mybatis.spring.mapper.ClassPathMapperScanner - Enabling autowire by type for MapperFactoryBean with name 'inputMapper'.
2018-08-24 15:10:15,232 [main] [DEBUG] org.mybatis.spring.mapper.ClassPathMapperScanner - Creating MapperFactoryBean with name 'outputMapper' and 'com.ora.blockchain.mybatis.mapper.output.OutputMapper' mapperInterface
2018-08-24 15:10:15,232 [main] [DEBUG] org.mybatis.spring.mapper.ClassPathMapperScanner - Enabling autowire by type for MapperFactoryBean with name 'outputMapper'.
2018-08-24 15:10:15,232 [main] [DEBUG] org.mybatis.spring.mapper.ClassPathMapperScanner - Creating MapperFactoryBean with name 'ethereumERC20Mapper' and 'com.ora.blockchain.mybatis.mapper.transaction.EthereumERC20Mapper' mapperInterface
2018-08-24 15:10:15,232 [main] [DEBUG] org.mybatis.spring.mapper.ClassPathMapperScanner - Enabling autowire by type for MapperFactoryBean with name 'ethereumERC20Mapper'.
2018-08-24 15:10:15,232 [main] [DEBUG] org.mybatis.spring.mapper.ClassPathMapperScanner - Creating MapperFactoryBean with name 'ethereumTransactionMapper' and 'com.ora.blockchain.mybatis.mapper.transaction.EthereumTransactionMapper' mapperInterface
2018-08-24 15:10:15,232 [main] [DEBUG] org.mybatis.spring.mapper.ClassPathMapperScanner - Enabling autowire by type for MapperFactoryBean with name 'ethereumTransactionMapper'.
2018-08-24 15:10:15,232 [main] [DEBUG] org.mybatis.spring.mapper.ClassPathMapperScanner - Creating MapperFactoryBean with name 'transactionMapper' and 'com.ora.blockchain.mybatis.mapper.transaction.TransactionMapper' mapperInterface
2018-08-24 15:10:15,233 [main] [DEBUG] org.mybatis.spring.mapper.ClassPathMapperScanner - Enabling autowire by type for MapperFactoryBean with name 'transactionMapper'.
2018-08-24 15:10:15,233 [main] [DEBUG] org.mybatis.spring.mapper.ClassPathMapperScanner - Creating MapperFactoryBean with name 'walletAccountBalanceMapper' and 'com.ora.blockchain.mybatis.mapper.wallet.WalletAccountBalanceMapper' mapperInterface
2018-08-24 15:10:15,233 [main] [DEBUG] org.mybatis.spring.mapper.ClassPathMapperScanner - Enabling autowire by type for MapperFactoryBean with name 'walletAccountBalanceMapper'.
2018-08-24 15:10:15,233 [main] [DEBUG] org.mybatis.spring.mapper.ClassPathMapperScanner - Creating MapperFactoryBean with name 'walletAccountBindMapper' and 'com.ora.blockchain.mybatis.mapper.wallet.WalletAccountBindMapper' mapperInterface
2018-08-24 15:10:15,233 [main] [DEBUG] org.mybatis.spring.mapper.ClassPathMapperScanner - Enabling autowire by type for MapperFactoryBean with name 'walletAccountBindMapper'.
2018-08-24 15:10:15,233 [main] [DEBUG] org.mybatis.spring.mapper.ClassPathMapperScanner - Creating MapperFactoryBean with name 'walletMapper' and 'com.ora.blockchain.mybatis.mapper.wallet.WalletMapper' mapperInterface
2018-08-24 15:10:15,233 [main] [DEBUG] org.mybatis.spring.mapper.ClassPathMapperScanner - Enabling autowire by type for MapperFactoryBean with name 'walletMapper'.
2018-08-24 15:10:15,893 [main] [DEBUG] org.hibernate.validator.internal.engine.resolver.DefaultTraversableResolver - Cannot find javax.persistence.Persistence on classpath. Assuming non JPA 2 environment. All properties will per default be traversable.
2018-08-24 15:10:15,902 [main] [DEBUG] org.hibernate.validator.internal.engine.resolver.DefaultTraversableResolver - Cannot find javax.persistence.Persistence on classpath. Assuming non JPA 2 environment. All properties will per default be traversable.
2018-08-24 15:10:15,905 [main] [DEBUG] org.hibernate.validator.internal.engine.ConfigurationImpl - Setting custom MessageInterpolator of type org.springframework.validation.beanvalidation.LocaleContextMessageInterpolator
2018-08-24 15:10:15,905 [main] [DEBUG] org.hibernate.validator.internal.engine.ConfigurationImpl - Setting custom ConstraintValidatorFactory of type org.springframework.validation.beanvalidation.SpringConstraintValidatorFactory
2018-08-24 15:10:15,906 [main] [DEBUG] org.hibernate.validator.internal.engine.ConfigurationImpl - Setting custom ParameterNameProvider of type com.sun.proxy.$Proxy93
2018-08-24 15:10:15,908 [main] [DEBUG] org.hibernate.validator.internal.xml.ValidationXmlParser - Trying to load META-INF/validation.xml for XML based Validator configuration.
2018-08-24 15:10:15,909 [main] [DEBUG] org.hibernate.validator.internal.xml.ResourceLoaderHelper - Trying to load META-INF/validation.xml via user class loader
2018-08-24 15:10:15,910 [main] [DEBUG] org.hibernate.validator.internal.xml.ResourceLoaderHelper - Trying to load META-INF/validation.xml via TCCL
2018-08-24 15:10:15,910 [main] [DEBUG] org.hibernate.validator.internal.xml.ResourceLoaderHelper - Trying to load META-INF/validation.xml via Hibernate Validator's class loader
2018-08-24 15:10:15,910 [main] [DEBUG] org.hibernate.validator.internal.xml.ValidationXmlParser - No META-INF/validation.xml found. Using annotation based configuration only.
2018-08-24 15:10:29,038 [main] [DEBUG] org.mybatis.spring.SqlSessionFactoryBean - Property 'mapperLocations' was not specified or no matching resources found
2018-08-24 15:10:30,078 [main] [DEBUG] org.hibernate.validator.internal.engine.resolver.DefaultTraversableResolver - Cannot find javax.persistence.Persistence on classpath. Assuming non JPA 2 environment. All properties will per default be traversable.
2018-08-24 15:10:30,082 [main] [DEBUG] org.hibernate.validator.internal.engine.resolver.DefaultTraversableResolver - Cannot find javax.persistence.Persistence on classpath. Assuming non JPA 2 environment. All properties will per default be traversable.
2018-08-24 15:10:30,083 [main] [DEBUG] org.hibernate.validator.internal.engine.ConfigurationImpl - Setting custom MessageInterpolator of type org.springframework.validation.beanvalidation.LocaleContextMessageInterpolator
2018-08-24 15:10:30,083 [main] [DEBUG] org.hibernate.validator.internal.engine.ConfigurationImpl - Setting custom ConstraintValidatorFactory of type org.springframework.validation.beanvalidation.SpringConstraintValidatorFactory
2018-08-24 15:10:30,083 [main] [DEBUG] org.hibernate.validator.internal.engine.ConfigurationImpl - Setting custom ParameterNameProvider of type com.sun.proxy.$Proxy93
2018-08-24 15:10:30,083 [main] [DEBUG] org.hibernate.validator.internal.xml.ValidationXmlParser - Trying to load META-INF/validation.xml for XML based Validator configuration.
2018-08-24 15:10:30,083 [main] [DEBUG] org.hibernate.validator.internal.xml.ResourceLoaderHelper - Trying to load META-INF/validation.xml via user class loader
2018-08-24 15:10:30,083 [main] [DEBUG] org.hibernate.validator.internal.xml.ResourceLoaderHelper - Trying to load META-INF/validation.xml via TCCL
2018-08-24 15:10:30,083 [main] [DEBUG] org.hibernate.validator.internal.xml.ResourceLoaderHelper - Trying to load META-INF/validation.xml via Hibernate Validator's class loader
2018-08-24 15:10:30,083 [main] [DEBUG] org.hibernate.validator.internal.xml.ValidationXmlParser - No META-INF/validation.xml found. Using annotation based configuration only.
2018-08-24 15:10:30,475 [main] [DEBUG] org.quartz.impl.jdbcjobstore.StdRowLockSemaphore - Lock 'STATE_ACCESS' is desired by: main
2018-08-24 15:10:30,476 [main] [DEBUG] org.quartz.impl.jdbcjobstore.StdRowLockSemaphore - Lock 'STATE_ACCESS' is being obtained: main
2018-08-24 15:10:30,477 [main] [DEBUG] org.quartz.impl.jdbcjobstore.StdRowLockSemaphore - Lock 'STATE_ACCESS' given to: main
2018-08-24 15:10:30,482 [main] [DEBUG] org.quartz.impl.jdbcjobstore.StdRowLockSemaphore - Lock 'TRIGGER_ACCESS' is desired by: main
2018-08-24 15:10:30,482 [main] [DEBUG] org.quartz.impl.jdbcjobstore.StdRowLockSemaphore - Lock 'TRIGGER_ACCESS' is being obtained: main
2018-08-24 15:10:30,483 [main] [DEBUG] org.quartz.impl.jdbcjobstore.StdRowLockSemaphore - Lock 'TRIGGER_ACCESS' given to: main
2018-08-24 15:10:30,489 [main] [DEBUG] org.quartz.impl.jdbcjobstore.StdRowLockSemaphore - Lock 'TRIGGER_ACCESS' returned by: main
2018-08-24 15:10:30,489 [main] [DEBUG] org.quartz.impl.jdbcjobstore.StdRowLockSemaphore - Lock 'STATE_ACCESS' returned by: main
2018-08-24 15:10:30,499 [schedulerFactoryBean_QuartzSchedulerThread] [DEBUG] org.quartz.core.QuartzSchedulerThread - batch acquisition of 0 triggers
2018-08-24 15:10:30,588 [main] [DEBUG] org.mybatis.spring.SqlSessionUtils - Creating a new SqlSession
2018-08-24 15:10:30,590 [main] [DEBUG] org.mybatis.spring.SqlSessionUtils - Registering transaction synchronization for SqlSession [org.apache.ibatis.session.defaults.DefaultSqlSession@333398f]
2018-08-24 15:10:30,610 [main] [DEBUG] org.mybatis.spring.transaction.SpringManagedTransaction - JDBC Connection [com.mysql.jdbc.JDBC4Connection@1e92c3b6] will be managed by Spring
2018-08-24 15:10:30,612 [main] [DEBUG] com.ora.blockchain.mybatis.mapper.block.BlockMapper.queryLastBlock - ==>  Preparing: SELECT block_hash AS blockHash,height FROM coin_bcd.block ORDER BY height DESC LIMIT 1; 
2018-08-24 15:10:30,618 [main] [DEBUG] com.ora.blockchain.mybatis.mapper.block.BlockMapper.queryLastBlock - ==> Parameters: 
2018-08-24 15:10:30,624 [main] [DEBUG] com.ora.blockchain.mybatis.mapper.block.BlockMapper.queryLastBlock - <==      Total: 0
2018-08-24 15:10:30,624 [main] [DEBUG] org.mybatis.spring.SqlSessionUtils - Releasing transactional SqlSession [org.apache.ibatis.session.defaults.DefaultSqlSession@333398f]
2018-08-24 15:10:30,735 [main] [DEBUG] org.mybatis.spring.SqlSessionUtils - Fetched SqlSession [org.apache.ibatis.session.defaults.DefaultSqlSession@333398f] from current transaction
2018-08-24 15:10:30,736 [main] [DEBUG] org.mybatis.spring.SqlSessionUtils - Releasing transactional SqlSession [org.apache.ibatis.session.defaults.DefaultSqlSession@333398f]
2018-08-24 15:10:30,744 [main] [DEBUG] org.mybatis.spring.SqlSessionUtils - Fetched SqlSession [org.apache.ibatis.session.defaults.DefaultSqlSession@333398f] from current transaction
2018-08-24 15:10:30,745 [main] [DEBUG] com.ora.blockchain.mybatis.mapper.block.BlockMapper.insertBlock - ==>  Preparing: INSERT INTO coin_bcd.block (`block_hash`,`previous_block_hash`,`merkleroot`,`chainwork`,`size`,`height`,`version`,`time`,`median_time`,`bits`,`nonce`,`difficulty`,`create_ts`) VALUES (?,?,?,?,?,?,?,?,?, ?,?,?,now()) 
2018-08-24 15:10:30,751 [main] [DEBUG] com.ora.blockchain.mybatis.mapper.block.BlockMapper.insertBlock - ==> Parameters: 261cd13bb277cd9420272017cee509c07539592502612d6f618e3100b21c9e4b(String), fc0ce188d56e7247b3d264a484afa4eb187929ce5e4748442ca67fc1a1ee4c63(String), 2e5fca9f9e717baa349ab5f351eac6ffc91ae7cedd5520a6e3ea03ca5787ac02(String), 000000000000000000000000000000000000000000b80c834bacf96c7b7b228d(String), 1019(Long), 531049(Long), 1610612736(Long), 1535093389(Long), 1535091358(Long), 1b0166c2(String), 111067911(Long), 46764.02691579016(String)
2018-08-24 15:10:30,753 [main] [DEBUG] com.ora.blockchain.mybatis.mapper.block.BlockMapper.insertBlock - <==    Updates: 1
2018-08-24 15:10:30,753 [main] [DEBUG] org.mybatis.spring.SqlSessionUtils - Releasing transactional SqlSession [org.apache.ibatis.session.defaults.DefaultSqlSession@333398f]
2018-08-24 15:10:30,799 [main] [DEBUG] org.mybatis.spring.SqlSessionUtils - Fetched SqlSession [org.apache.ibatis.session.defaults.DefaultSqlSession@333398f] from current transaction
2018-08-24 15:10:30,802 [main] [DEBUG] com.ora.blockchain.mybatis.mapper.wallet.WalletMapper.queryWalletByAddress - ==>  Preparing: SELECT address,account_id AS walletAccountId FROM wallet_common.wallet_account_bind WHERE address IN ( ? , ? , ? , ? , ? , ? ) 
2018-08-24 15:10:30,803 [main] [DEBUG] com.ora.blockchain.mybatis.mapper.wallet.WalletMapper.queryWalletByAddress - ==> Parameters: 17gKHMhuzshTDhZJis37V7ezuHJ9SKkc7u(String), null, 1LCBf7Bu7AmWFamhYLpnsPKsxY7H9kBGTm(String), 1JM59HKbHaQqQWNgFoNYcHQH91hB1jBnd9(String), 14BnaxsAoJXbtU4puSKtBbRVXkWn2FCw25(String), 1DrEHssdryjKnhua7rfoizEE8gAbBYziLu(String)
2018-08-24 15:10:30,804 [main] [DEBUG] com.ora.blockchain.mybatis.mapper.wallet.WalletMapper.queryWalletByAddress - <==      Total: 0
2018-08-24 15:10:30,804 [main] [DEBUG] org.mybatis.spring.SqlSessionUtils - Releasing transactional SqlSession [org.apache.ibatis.session.defaults.DefaultSqlSession@333398f]
2018-08-24 15:10:30,805 [main] [DEBUG] org.mybatis.spring.SqlSessionUtils - Fetched SqlSession [org.apache.ibatis.session.defaults.DefaultSqlSession@333398f] from current transaction
2018-08-24 15:10:30,805 [main] [DEBUG] com.ora.blockchain.mybatis.mapper.common.ScanCursorMapper.insert - ==>  Preparing: INSERT INTO coin_bcd.scancursor ( `current_block`, `sync_status` ) VALUES ( ?, ? ) 
2018-08-24 15:10:30,806 [main] [DEBUG] com.ora.blockchain.mybatis.mapper.common.ScanCursorMapper.insert - ==> Parameters: 531049(Long), 0(Integer)
2018-08-24 15:10:30,807 [main] [DEBUG] com.ora.blockchain.mybatis.mapper.common.ScanCursorMapper.insert - <==    Updates: 1
2018-08-24 15:10:30,808 [main] [DEBUG] org.mybatis.spring.SqlSessionUtils - Releasing transactional SqlSession [org.apache.ibatis.session.defaults.DefaultSqlSession@333398f]
2018-08-24 15:10:30,808 [main] [DEBUG] org.mybatis.spring.SqlSessionUtils - Transaction synchronization committing SqlSession [org.apache.ibatis.session.defaults.DefaultSqlSession@333398f]
2018-08-24 15:10:30,808 [main] [DEBUG] org.mybatis.spring.SqlSessionUtils - Transaction synchronization deregistering SqlSession [org.apache.ibatis.session.defaults.DefaultSqlSession@333398f]
2018-08-24 15:10:30,808 [main] [DEBUG] org.mybatis.spring.SqlSessionUtils - Transaction synchronization closing SqlSession [org.apache.ibatis.session.defaults.DefaultSqlSession@333398f]
2018-08-24 15:10:30,823 [Thread-5] [DEBUG] org.quartz.simpl.SimpleThreadPool - Shutting down threadpool...
2018-08-24 15:10:30,823 [Thread-5] [DEBUG] org.quartz.simpl.SimpleThreadPool - Shutdown of threadpool complete.
